2025-10-24T07:11:11.7671893Z,Updating submodules.,c241f24a-7a4e-4647-acdd-3696f86a619c,0
2025-10-24T07:11:13.1872491Z,Preparing deployment for commit id '4d518bfa-f'.,9c8c2ca5-e000-4e6b-9f8a-49910ce2a493,0
2025-10-24T07:11:13.5685974Z,PreDeployment: context.CleanOutputPath False,5a3fb480-4a53-4e35-8db4-efdd3a4ed7db,0
2025-10-24T07:11:13.7157180Z,PreDeployment: context.OutputPath /home/site/wwwroot,5882912f-8476-4512-a293-09a671bbe75c,0
2025-10-24T07:11:13.9128501Z,Running build. Project type: OneDeploy,eb99dd58-857b-4d8e-ab92-9e8d9e664adb,0
2025-10-24T07:11:14.1028815Z,Copying the manifest,a0fd0811-6cd9-4c17-9a91-7de85d445d1e,0
2025-10-24T07:11:14.3406622Z,Running deployment command...,018566e7-8dfe-44d8-83c1-ebddfca65cb0,0
	2025-10-24T07:11:14.3598960Z,Command: /opt/Kudu/Scripts/parallel_rsync.sh /tmp/zipdeploy/extracted /home/site/wwwroot 8 /tmp/ False False  ,,0
	2025-10-24T07:11:14.5708857Z,Run rsync from: /tmp/zipdeploy/extracted/ to: /home/site/wwwroot/ in 8 parallel threads,,0
	2025-10-24T07:11:14.6372681Z,Delete options: clean=False&comma; use manifest=False&comma; directory to ignore=,,0
	2025-10-24T07:11:14.6537983Z,Prev manifest = /home/site/deployments/83359ada-df60-4a9e-8d1a-c7b1e3403fe3/manifest and next /home/site/deployments/4d518bfa-fe1a-4a16-9c4c-109e9f327a62/manifest,,0
	2025-10-24T07:11:14.7042795Z,Cleaning up /tmp//filelist.txt and /tmp//splits,,0
	2025-10-24T07:11:14.7168217Z,Creating a list of all files at /tmp//filelist.txt,,0
	2025-10-24T07:11:14.7349144Z,No directory to exclude.,,0
	2025-10-24T07:11:14.7602192Z,Created /tmp//filelist.txt. Total number of files to be synced = 17.,,0
	2025-10-24T07:11:15.0616008Z,Created batches from the list of files. Processing 3 files in each thread,,0
	2025-10-24T07:11:15.1881540Z,Running rsync for filelist /tmp//splits/split.ab from /tmp/zipdeploy/extracted/ to /home/site/wwwroot/,,0
	2025-10-24T07:11:15.3365129Z,Running rsync for filelist /tmp//splits/split.ac from /tmp/zipdeploy/extracted/ to /home/site/wwwroot/,,0
	2025-10-24T07:11:15.3762352Z,Running rsync for filelist /tmp//splits/split.aa from /tmp/zipdeploy/extracted/ to /home/site/wwwroot/,,0
	2025-10-24T07:11:15.4507491Z,Running rsync for filelist /tmp//splits/split.ad from /tmp/zipdeploy/extracted/ to /home/site/wwwroot/,,0
	2025-10-24T07:11:15.4900526Z,Running rsync for filelist /tmp//splits/split.af from /tmp/zipdeploy/extracted/ to /home/site/wwwroot/,,0
	2025-10-24T07:11:15.5253227Z,Running rsync for filelist /tmp//splits/split.ae from /tmp/zipdeploy/extracted/ to /home/site/wwwroot/,,0
	2025-10-24T07:11:16.8760412Z,,,0
	2025-10-24T07:11:17.0109983Z,Number of files: 4 (reg: 2&comma; dir: 2),,0
	2025-10-24T07:11:17.0616662Z,Number of created files: 0,,0
	2025-10-24T07:11:17.1120128Z,Number of deleted files: 0,,0
	2025-10-24T07:11:17.1464658Z,Number of regular files transferred: 2,,0
	2025-10-24T07:11:17.1628122Z,Total file size: 270.41K bytes,,0
	2025-10-24T07:11:17.1872250Z,Total transferred file size: 270.41K bytes,,0
	2025-10-24T07:11:17.2162376Z,Literal data: 270.41K bytes,,0
	2025-10-24T07:11:17.2370216Z,Matched data: 0 bytes,,0
	2025-10-24T07:11:17.2675988Z,File list size: 0,,0
	2025-10-24T07:11:17.2940817Z,File list generation time: 0.001 seconds,,0
	2025-10-24T07:11:17.3265487Z,File list transfer time: 0.000 seconds,,0
	2025-10-24T07:11:17.3650196Z,Total bytes sent: 56.93K,,0
	2025-10-24T07:11:17.4170537Z,Total bytes received: 60,,0
	2025-10-24T07:11:17.4265553Z,,,0
	2025-10-24T07:11:17.4457277Z,sent 56.93K bytes  received 60 bytes  37.99K bytes/sec,,0
	2025-10-24T07:11:17.4561355Z,total size is 270.41K  speedup is 4.74,,0
	2025-10-24T07:11:17.4646116Z,Attempt 1: Rsync for filelist /tmp//splits/split.af completed with exit code 0,,0
	2025-10-24T07:11:17.4868867Z,,,0
	2025-10-24T07:11:17.4971408Z,Number of files: 6 (reg: 3&comma; dir: 3),,0
	2025-10-24T07:11:17.5063184Z,Number of created files: 0,,0
	2025-10-24T07:11:17.5334501Z,Number of deleted files: 0,,0
	2025-10-24T07:11:17.5468516Z,Number of regular files transferred: 2,,0
	2025-10-24T07:11:17.5544235Z,Total file size: 6.83K bytes,,0
	2025-10-24T07:11:17.5632820Z,Total transferred file size: 5.89K bytes,,0
	2025-10-24T07:11:17.5748023Z,Literal data: 5.89K bytes,,0
	2025-10-24T07:11:17.5895694Z,Matched data: 0 bytes,,0
	2025-10-24T07:11:17.6039275Z,File list size: 0,,0
	2025-10-24T07:11:17.6133999Z,File list generation time: 0.036 seconds,,0
	2025-10-24T07:11:17.6248729Z,File list transfer time: 0.000 seconds,,0
	2025-10-24T07:11:17.6369788Z,Total bytes sent: 1.82K,,0
	2025-10-24T07:11:17.6464536Z,Total bytes received: 66,,0
	2025-10-24T07:11:17.6569457Z,,,0
	2025-10-24T07:11:17.6658954Z,sent 1.82K bytes  received 66 bytes  1.26K bytes/sec,,0
	2025-10-24T07:11:17.6759396Z,total size is 6.83K  speedup is 3.62,,0
	2025-10-24T07:11:17.6878091Z,Attempt 1: Rsync for filelist /tmp//splits/split.ad completed with exit code 0,,0
	2025-10-24T07:11:17.7047641Z,,,0
	2025-10-24T07:11:17.7140499Z,Number of files: 5 (reg: 3&comma; dir: 2),,0
	2025-10-24T07:11:17.7246995Z,Number of created files: 0,,0
	2025-10-24T07:11:17.7346934Z,Number of deleted files: 0,,0
	2025-10-24T07:11:17.7453019Z,Number of regular files transferred: 3,,0
	2025-10-24T07:11:17.7532852Z,Total file size: 2.33K bytes,,0
	2025-10-24T07:11:17.7636764Z,Total transferred file size: 2.33K bytes,,0
	2025-10-24T07:11:17.7734233Z,Literal data: 2.33K bytes,,0
	2025-10-24T07:11:17.7816693Z,Matched data: 0 bytes,,0
	2025-10-24T07:11:17.7935327Z,File list size: 0,,0
	2025-10-24T07:11:17.8086779Z,File list generation time: 0.001 seconds,,0
	2025-10-24T07:11:17.8277080Z,File list transfer time: 0.000 seconds,,0
	2025-10-24T07:11:17.8389998Z,Total bytes sent: 1.02K,,0
	2025-10-24T07:11:17.8500072Z,Total bytes received: 79,,0
	2025-10-24T07:11:17.8620903Z,,,0
	2025-10-24T07:11:17.8780275Z,sent 1.02K bytes  received 79 bytes  736.00 bytes/sec,,0
	2025-10-24T07:11:17.8867335Z,total size is 2.33K  speedup is 2.11,,0
	2025-10-24T07:11:17.9017033Z,Attempt 1: Rsync for filelist /tmp//splits/split.ac completed with exit code 0,,0
	2025-10-24T07:11:17.9137295Z,,,0
	2025-10-24T07:11:17.9263451Z,Number of files: 5 (reg: 3&comma; dir: 2),,0
	2025-10-24T07:11:17.9370250Z,Number of created files: 0,,0
	2025-10-24T07:11:17.9486019Z,Number of deleted files: 0,,0
	2025-10-24T07:11:17.9655265Z,Number of regular files transferred: 3,,0
	2025-10-24T07:11:17.9882470Z,Total file size: 7.72K bytes,,0
	2025-10-24T07:11:18.0047230Z,Total transferred file size: 7.72K bytes,,0
	2025-10-24T07:11:18.0225594Z,Literal data: 7.72K bytes,,0
	2025-10-24T07:11:18.0304189Z,Matched data: 0 bytes,,0
	2025-10-24T07:11:18.0386033Z,File list size: 0,,0
	2025-10-24T07:11:18.0472086Z,File list generation time: 0.008 seconds,,0
	2025-10-24T07:11:18.0569725Z,File list transfer time: 0.000 seconds,,0
	2025-10-24T07:11:18.0686357Z,Total bytes sent: 2.87K,,0
	2025-10-24T07:11:18.0763509Z,Total bytes received: 79,,0
	2025-10-24T07:11:18.0972499Z,,,0
	2025-10-24T07:11:18.1239888Z,sent 2.87K bytes  received 79 bytes  1.96K bytes/sec,,0
	2025-10-24T07:11:18.2188164Z,total size is 7.72K  speedup is 2.62,,0
	2025-10-24T07:11:18.2470942Z,Attempt 1: Rsync for filelist /tmp//splits/split.aa completed with exit code 0,,0
	2025-10-24T07:11:18.2755750Z,,,0
	2025-10-24T07:11:18.2983106Z,Number of files: 5 (reg: 3&comma; dir: 2),,0
	2025-10-24T07:11:18.3262632Z,Number of created files: 0,,0
	2025-10-24T07:11:18.3658776Z,Number of deleted files: 0,,0
	2025-10-24T07:11:18.4003565Z,Number of regular files transferred: 3,,0
	2025-10-24T07:11:18.4130712Z,Total file size: 16.38K bytes,,0
	2025-10-24T07:11:18.4297399Z,Total transferred file size: 16.38K bytes,,0
	2025-10-24T07:11:18.4481690Z,Literal data: 16.38K bytes,,0
	2025-10-24T07:11:18.4581801Z,Matched data: 0 bytes,,0
	2025-10-24T07:11:18.4731474Z,File list size: 0,,0
	2025-10-24T07:11:18.4829993Z,File list generation time: 0.036 seconds,,0
	2025-10-24T07:11:18.4988598Z,File list transfer time: 0.000 seconds,,0
	2025-10-24T07:11:18.5097719Z,Total bytes sent: 3.75K,,0
	2025-10-24T07:11:18.5223336Z,Total bytes received: 79,,0
	2025-10-24T07:11:18.5342029Z,,,0
	2025-10-24T07:11:18.5464128Z,sent 3.75K bytes  received 79 bytes  2.55K bytes/sec,,0
	2025-10-24T07:11:18.5547323Z,total size is 16.38K  speedup is 4.28,,0
	2025-10-24T07:11:18.5654510Z,Attempt 1: Rsync for filelist /tmp//splits/split.ae completed with exit code 0,,0
	2025-10-24T07:11:18.5877427Z,,,0
	2025-10-24T07:11:18.5995187Z,Number of files: 6 (reg: 3&comma; dir: 3),,0
	2025-10-24T07:11:18.6088996Z,Number of created files: 0,,0
	2025-10-24T07:11:18.6226458Z,Number of deleted files: 0,,0
	2025-10-24T07:11:18.6432138Z,Number of regular files transferred: 3,,0
	2025-10-24T07:11:18.6562005Z,Total file size: 5.50K bytes,,0
	2025-10-24T07:11:18.6652203Z,Total transferred file size: 5.50K bytes,,0
	2025-10-24T07:11:18.6842412Z,Literal data: 5.50K bytes,,0
	2025-10-24T07:11:18.6953232Z,Matched data: 0 bytes,,0
	2025-10-24T07:11:18.7062003Z,File list size: 0,,0
	2025-10-24T07:11:18.7206163Z,File list generation time: 0.057 seconds,,0
	2025-10-24T07:11:18.7347507Z,File list transfer time: 0.000 seconds,,0
	2025-10-24T07:11:18.7876100Z,Total bytes sent: 2.30K,,0
	2025-10-24T07:11:18.8059886Z,Total bytes received: 79,,0
	2025-10-24T07:11:18.8172945Z,,,0
	2025-10-24T07:11:18.8253277Z,sent 2.30K bytes  received 79 bytes  1.59K bytes/sec,,0
	2025-10-24T07:11:18.8374142Z,total size is 5.50K  speedup is 2.31,,0
	2025-10-24T07:11:18.8490076Z,Attempt 1: Rsync for filelist /tmp//splits/split.ab completed with exit code 0,,0
	2025-10-24T07:11:18.8582224Z,Completed successfully in 3 seconds,,0
2025-10-24T07:11:19.0134308Z,Build completed succesfully.,cf4041ed-6baf-4204-9bf8-29828ec50183,0
2025-10-24T07:11:19.1642095Z,Running post deployment command(s)...,0a27f927-baf4-4d48-9ad9-775a4e1df909,0
2025-10-24T07:11:19.4206003Z,Triggering container recycle for OneDeploy by adding/updating restartTrigger.txt to the site root path,001700a8-a93a-490b-b7c1-e895f3641fce,0
2025-10-24T07:11:19.7762032Z,Deployment successful. deployer = OneDeploy deploymentPath = OneDeploy,241c9593-f875-4740-a79c-12dca34adfbd,0
