2025-10-22T04:27:30.6684615Z Container start method called.
2025-10-22T04:27:30.8240314Z Establishing network.
2025-10-22T04:27:30.8243377Z Pulling image: appsvc/node:20-lts_20250724.2.tuxprod.
2025-10-22T04:27:36.3795155Z Container is starting.
2025-10-22T04:27:36.3812802Z Establishing user namespace if not established already.
2025-10-22T04:27:36.3907805Z Establishing network if not established already.
2025-10-22T04:27:36.3910574Z Mounting volumes.
2025-10-22T04:27:36.3992025Z Nested mountpoint data
2025-10-22T04:27:36.5220324Z Nested mountpoint volatile/logs
2025-10-22T04:27:36.5441897Z Nested mountpoint 
2025-10-22T04:27:36.7828139Z Nested mountpoint 
2025-10-22T04:27:36.8108803Z Nested mountpoint 
2025-10-22T04:27:36.8599909Z Nested mountpoint 
2025-10-22T04:27:38.0410349Z Creating container.
2025-10-22T04:27:38.0435595Z Creating pipes for streaming container io.
2025-10-22T04:27:38.1029928Z Creating stdout named pipe at /podr/container/pipe/8bdcb31758e6_ecommerce-backend-1761025938/stdout_8e75b563542147898ea7201aa742c49c.
2025-10-22T04:27:38.1226352Z Successfully created stdout named pipe at: /podr/container/pipe/8bdcb31758e6_ecommerce-backend-1761025938/stdout_8e75b563542147898ea7201aa742c49c.
2025-10-22T04:27:38.1298602Z Opening named pipe /podr/container/pipe/8bdcb31758e6_ecommerce-backend-1761025938/stdout_8e75b563542147898ea7201aa742c49c for reading in non-blocking mode.
2025-10-22T04:27:38.1373186Z Successfully opened named pipe: /podr/container/pipe/8bdcb31758e6_ecommerce-backend-1761025938/stdout_8e75b563542147898ea7201aa742c49c.
2025-10-22T04:27:38.1375201Z Successfully removed non-blocking flag from /podr/container/pipe/8bdcb31758e6_ecommerce-backend-1761025938/stdout_8e75b563542147898ea7201aa742c49c.
2025-10-22T04:27:38.1376551Z Creating stderr named pipe at /podr/container/pipe/8bdcb31758e6_ecommerce-backend-1761025938/stderr_3e6227a07e43425ab5b3fbc09c9c3f0b.
2025-10-22T04:27:38.1378888Z Successfully created stderr named pipe at: /podr/container/pipe/8bdcb31758e6_ecommerce-backend-1761025938/stderr_3e6227a07e43425ab5b3fbc09c9c3f0b.
2025-10-22T04:27:38.1380214Z Opening named pipe /podr/container/pipe/8bdcb31758e6_ecommerce-backend-1761025938/stderr_3e6227a07e43425ab5b3fbc09c9c3f0b for reading in non-blocking mode.
2025-10-22T04:27:38.1381564Z Successfully opened named pipe: /podr/container/pipe/8bdcb31758e6_ecommerce-backend-1761025938/stderr_3e6227a07e43425ab5b3fbc09c9c3f0b.
2025-10-22T04:27:38.1382588Z Successfully removed non-blocking flag from /podr/container/pipe/8bdcb31758e6_ecommerce-backend-1761025938/stderr_3e6227a07e43425ab5b3fbc09c9c3f0b.
2025-10-22T04:27:38.1383936Z Creating container with image: appsvc/node:20-lts_20250724.2.tuxprod from registry: mcr.microsoft.com and fully qualified image name: mcr.microsoft.com/appsvc/node:20-lts_20250724.2.tuxprod
2025-10-22T04:27:38.9944935Z Starting container: 8bdcb31758e6_ecommerce-backend-1761025938.
2025-10-22T04:27:39.1299287Z Starting watchers and probes.
2025-10-22T04:27:39.1480540Z Starting metrics collection.
2025-10-22T04:27:39.1502638Z Container is running.
2025-10-22T04:27:40.6518801Z Container start method finished after 9899 ms.
2025-10-22T04:28:14.8245255Z Container has finished running with exit code: 1.
2025-10-22T04:28:14.8444303Z Container is terminating. Grace period: 5 seconds.
2025-10-22T04:28:14.8700719Z Stop and delete container. Retry count = 0
2025-10-22T04:28:14.8794510Z Stopping container: 8bdcb31758e6_ecommerce-backend-1761025938.
2025-10-22T04:28:15.0452343Z Deleting container: 8bdcb31758e6_ecommerce-backend-1761025938. Retry count = 0
2025-10-22T04:28:15.4058963Z Container spec TerminationMessagePolicy  path 
2025-10-22T04:28:15.4157160Z Container is terminated. Total time elapsed: 562 ms.
2025-10-22T04:28:15.4187035Z Site container: ecommerce-backend-1761025938 terminated during site startup.
2025-10-22T04:28:15.4436908Z Site startup probe failed after 34.5228289 seconds.
2025-10-22T04:28:15.5113253Z Failed to start site. Revert by stopping site.
2025-10-22T04:28:15.5975001Z Site: ecommerce-backend-1761025938 stopped.
2025-10-22T04:28:21.442Z ERROR - DockerApiException: Docker API responded with status code=NotFound, response={"message":"manifest for 10.1.0.6:13209/appsvc/node:20-lts_20250724.2.tuxprod not found: manifest unknown: manifest unknown"}

2025-10-22T04:28:21.673Z ERROR - DockerApiException: Docker API responded with status code=NotFound, response={"message":"manifest for 10.1.0.5:13209/appsvc/node:20-lts_20250724.2.tuxprod not found: manifest unknown: manifest unknown"}

2025-10-22T04:28:22.005Z INFO  - 20-lts_20250724.2.tuxprod Pulling from appsvc/node
2025-10-22T04:28:22.045Z INFO  - c19952135643 Pulling fs layer
2025-10-22T04:28:22.045Z INFO  - b49b2c83cf45 Pulling fs layer
2025-10-22T04:28:22.045Z INFO  - a7350ec49683 Pulling fs layer
2025-10-22T04:28:22.045Z INFO  - ca64976d1f75 Pulling fs layer
2025-10-22T04:28:22.045Z INFO  - 9c231cb2d468 Pulling fs layer
2025-10-22T04:28:22.045Z INFO  - 6d5ed858bc79 Pulling fs layer
2025-10-22T04:28:22.045Z INFO  - b147e1d819b6 Pulling fs layer
2025-10-22T04:28:22.045Z INFO  - bddeee446dea Pulling fs layer
2025-10-22T04:28:22.069Z INFO  - 3bba0ee51794 Pulling fs layer
2025-10-22T04:28:22.069Z INFO  - 5b5c68b4e022 Pulling fs layer
2025-10-22T04:28:22.069Z INFO  - 589fad460b75 Pulling fs layer
2025-10-22T04:28:22.069Z INFO  - a4ac82e1650a Pulling fs layer
2025-10-22T04:28:22.069Z INFO  - 6e652537f0de Pulling fs layer
2025-10-22T04:28:22.069Z INFO  - 4f4fb700ef54 Pulling fs layer
2025-10-22T04:28:22.069Z INFO  - 70b2d1c62102 Pulling fs layer
2025-10-22T04:28:22.069Z INFO  - 81114daeece3 Pulling fs layer
2025-10-22T04:28:22.069Z INFO  - 72560126db61 Pulling fs layer
2025-10-22T04:28:22.069Z INFO  - b4ee02498c51 Pulling fs layer
2025-10-22T04:28:22.069Z INFO  - 9f7642f5d897 Pulling fs layer
2025-10-22T04:28:22.069Z INFO  - 064a93d404d8 Pulling fs layer
2025-10-22T04:28:22.069Z INFO  - 9078bcfaabdd Pulling fs layer
2025-10-22T04:28:22.069Z INFO  - 8367cb93fd79 Pulling fs layer
2025-10-22T04:28:22.069Z INFO  - 432802c32c40 Pulling fs layer
2025-10-22T04:28:22.069Z INFO  - b5ee41dce4d1 Pulling fs layer
2025-10-22T04:28:22.069Z INFO  - 299358e274fc Pulling fs layer
2025-10-22T04:28:22.137Z INFO  - 9078bcfaabdd Waiting
2025-10-22T04:28:22.137Z INFO  - 8367cb93fd79 Waiting
2025-10-22T04:28:22.137Z INFO  - 432802c32c40 Waiting
2025-10-22T04:28:22.137Z INFO  - b5ee41dce4d1 Waiting
2025-10-22T04:28:22.138Z INFO  - 299358e274fc Waiting
2025-10-22T04:28:22.164Z INFO  - a0f687a8a43e Pulling fs layer
2025-10-22T04:28:22.164Z INFO  - f6668cf6fc4f Pulling fs layer
2025-10-22T04:28:22.164Z INFO  - cab9518eb753 Pulling fs layer
2025-10-22T04:28:22.165Z INFO  - f9717d513d08 Pulling fs layer
2025-10-22T04:28:22.165Z INFO  - 81d0cf6a6204 Pulling fs layer
2025-10-22T04:28:22.166Z INFO  - e705a3b12771 Pulling fs layer
2025-10-22T04:28:22.167Z INFO  - cdcdb6bbda74 Pulling fs layer
2025-10-22T04:28:22.167Z INFO  - 3c56665f14df Pulling fs layer
2025-10-22T04:28:22.168Z INFO  - 6076b5261919 Pulling fs layer
2025-10-22T04:28:22.177Z INFO  - cfb2442eec7a Pulling fs layer
2025-10-22T04:28:22.177Z INFO  - c7bf2b05e76c Pulling fs layer
2025-10-22T04:28:22.178Z INFO  - 9e40ee8f5c7c Pulling fs layer
2025-10-22T04:28:22.184Z INFO  - a0f687a8a43e Waiting
2025-10-22T04:28:22.184Z INFO  - f6668cf6fc4f Waiting
2025-10-22T04:28:22.185Z INFO  - cab9518eb753 Waiting
2025-10-22T04:28:22.193Z INFO  - f9717d513d08 Waiting
2025-10-22T04:28:22.193Z INFO  - 81d0cf6a6204 Waiting
2025-10-22T04:28:22.194Z INFO  - e705a3b12771 Waiting
2025-10-22T04:28:22.195Z INFO  - cdcdb6bbda74 Waiting
2025-10-22T04:28:22.195Z INFO  - 3c56665f14df Waiting
2025-10-22T04:28:22.196Z INFO  - 6076b5261919 Waiting
2025-10-22T04:28:22.202Z INFO  - cfb2442eec7a Waiting
2025-10-22T04:28:22.202Z INFO  - c7bf2b05e76c Waiting
2025-10-22T04:28:22.203Z INFO  - 9e40ee8f5c7c Waiting
2025-10-22T04:28:23.134Z INFO  - bddeee446dea Downloading 3KB / 14KB
2025-10-22T04:28:23.171Z INFO  - ca64976d1f75 Downloading 387B / 387B
2025-10-22T04:28:23.171Z INFO  - 4f4fb700ef54 Downloading 32B / 32B
2025-10-22T04:28:23.172Z INFO  - bddeee446dea Downloading 14KB / 14KB
2025-10-22T04:28:23.190Z INFO  - ca64976d1f75 Verifying Checksum
2025-10-22T04:28:23.191Z INFO  - ca64976d1f75 Download complete
2025-10-22T04:28:23.199Z INFO  - 4f4fb700ef54 Verifying Checksum
2025-10-22T04:28:23.199Z INFO  - 4f4fb700ef54 Download complete
2025-10-22T04:28:23.199Z INFO  - 6e652537f0de Verifying Checksum
2025-10-22T04:28:23.199Z INFO  - 6e652537f0de Download complete
2025-10-22T04:28:23.200Z INFO  - bddeee446dea Verifying Checksum
2025-10-22T04:28:23.200Z INFO  - bddeee446dea Download complete
2025-10-22T04:28:23.202Z INFO  - 3bba0ee51794 Downloading 158KB / 281KB
2025-10-22T04:28:23.237Z INFO  - 9c231cb2d468 Downloading 126KB / 1MB
2025-10-22T04:28:23.257Z INFO  - b147e1d819b6 Downloading 3KB / 10KB
2025-10-22T04:28:23.263Z INFO  - 6d5ed858bc79 Downloading 3KB / 39KB
2025-10-22T04:28:23.322Z INFO  - 5b5c68b4e022 Downloading 3KB / 10KB
2025-10-22T04:28:23.339Z INFO  - 9f7642f5d897 Downloading 126B / 126B
2025-10-22T04:28:23.357Z INFO  - b147e1d819b6 Downloading 10KB / 10KB
2025-10-22T04:28:23.357Z INFO  - 6d5ed858bc79 Downloading 39KB / 39KB
2025-10-22T04:28:23.358Z INFO  - 5b5c68b4e022 Downloading 10KB / 10KB
2025-10-22T04:28:23.358Z INFO  - 3bba0ee51794 Downloading 281KB / 281KB
2025-10-22T04:28:23.370Z INFO  - 9f7642f5d897 Verifying Checksum
2025-10-22T04:28:23.370Z INFO  - 9f7642f5d897 Download complete
2025-10-22T04:28:23.376Z INFO  - b147e1d819b6 Verifying Checksum
2025-10-22T04:28:23.377Z INFO  - b147e1d819b6 Download complete
2025-10-22T04:28:23.378Z INFO  - 6d5ed858bc79 Verifying Checksum
2025-10-22T04:28:23.378Z INFO  - 6d5ed858bc79 Download complete
2025-10-22T04:28:23.386Z INFO  - 5b5c68b4e022 Verifying Checksum
2025-10-22T04:28:23.386Z INFO  - 5b5c68b4e022 Download complete
2025-10-22T04:28:23.386Z INFO  - 3bba0ee51794 Verifying Checksum
2025-10-22T04:28:23.387Z INFO  - 3bba0ee51794 Download complete
2025-10-22T04:28:23.397Z INFO  - a4ac82e1650a Downloading 222KB / 1MB
2025-10-22T04:28:23.413Z INFO  - a7350ec49683 Downloading 334KB / 3MB
2025-10-22T04:28:23.808Z INFO  - b49b2c83cf45 Downloading 734KB / 35MB
2025-10-22T04:28:23.834Z INFO  - a4ac82e1650a Downloading 254KB / 1MB
2025-10-22T04:28:23.835Z INFO  - a7350ec49683 Downloading 430KB / 3MB
2025-10-22T04:28:23.836Z INFO  - 589fad460b75 Downloading 31KB / 1MB
2025-10-22T04:28:23.864Z INFO  - b4ee02498c51 Downloading 350KB / 16MB
2025-10-22T04:28:23.909Z INFO  - 81114daeece3 Downloading 958KB / 46MB
2025-10-22T04:28:23.919Z INFO  - 72560126db61 Downloading 1MB / 11MB
2025-10-22T04:28:23.937Z INFO  - 064a93d404d8 Downloading 510KB / 5MB
2025-10-22T04:28:23.977Z INFO  - 9c231cb2d468 Verifying Checksum
2025-10-22T04:28:23.978Z INFO  - 9c231cb2d468 Download complete
2025-10-22T04:28:23.998Z INFO  - a4ac82e1650a Verifying Checksum
2025-10-22T04:28:23.998Z INFO  - a4ac82e1650a Download complete
2025-10-22T04:28:24.005Z INFO  - 81114daeece3 Downloading 1MB / 46MB
2025-10-22T04:28:24.253Z INFO  - 72560126db61 Downloading 1MB / 11MB
2025-10-22T04:28:24.263Z INFO  - b49b2c83cf45 Downloading 1MB / 35MB
2025-10-22T04:28:24.263Z INFO  - 064a93d404d8 Downloading 1MB / 5MB
2025-10-22T04:28:24.280Z INFO  - c19952135643 Downloading 958KB / 46MB
2025-10-22T04:28:24.280Z INFO  - 70b2d1c62102 Downloading 942KB / 45MB
2025-10-22T04:28:24.280Z INFO  - b4ee02498c51 Downloading 1MB / 16MB
2025-10-22T04:28:24.509Z INFO  - 589fad460b75 Downloading 206KB / 1MB
2025-10-22T04:28:24.510Z INFO  - 72560126db61 Downloading 2MB / 11MB
2025-10-22T04:28:24.512Z INFO  - c19952135643 Downloading 1MB / 46MB
2025-10-22T04:28:24.513Z INFO  - 70b2d1c62102 Downloading 1MB / 45MB
2025-10-22T04:28:24.518Z INFO  - b4ee02498c51 Downloading 2MB / 16MB
2025-10-22T04:28:24.555Z INFO  - 589fad460b75 Verifying Checksum
2025-10-22T04:28:24.563Z INFO  - 589fad460b75 Download complete
2025-10-22T04:28:24.712Z INFO  - a7350ec49683 Downloading 2MB / 3MB
2025-10-22T04:28:24.714Z INFO  - 72560126db61 Downloading 3MB / 11MB
2025-10-22T04:28:24.714Z INFO  - b4ee02498c51 Downloading 2MB / 16MB
2025-10-22T04:28:24.732Z INFO  - a7350ec49683 Downloading 3MB / 3MB
2025-10-22T04:28:24.750Z INFO  - b49b2c83cf45 Downloading 3MB / 35MB
2025-10-22T04:28:24.760Z INFO  - 70b2d1c62102 Downloading 3MB / 45MB
2025-10-22T04:28:24.833Z INFO  - 72560126db61 Downloading 3MB / 11MB
2025-10-22T04:28:24.889Z INFO  - b4ee02498c51 Downloading 3MB / 16MB
2025-10-22T04:28:24.919Z INFO  - a7350ec49683 Verifying Checksum
2025-10-22T04:28:24.921Z INFO  - a7350ec49683 Download complete
2025-10-22T04:28:25.166Z INFO  - c19952135643 Downloading 3MB / 46MB
2025-10-22T04:28:25.172Z INFO  - 81114daeece3 Downloading 4MB / 46MB
2025-10-22T04:28:25.172Z INFO  - b49b2c83cf45 Downloading 5MB / 35MB
2025-10-22T04:28:25.183Z INFO  - 70b2d1c62102 Downloading 5MB / 45MB
2025-10-22T04:28:25.239Z INFO  - 064a93d404d8 Downloading 4MB / 5MB
2025-10-22T04:28:25.248Z INFO  - b49b2c83cf45 Downloading 6MB / 35MB
2025-10-22T04:28:25.287Z INFO  - 81114daeece3 Downloading 5MB / 46MB
2025-10-22T04:28:25.333Z INFO  - 70b2d1c62102 Downloading 6MB / 45MB
2025-10-22T04:28:25.472Z INFO  - 72560126db61 Downloading 6MB / 11MB
2025-10-22T04:28:25.498Z INFO  - c19952135643 Downloading 5MB / 46MB
2025-10-22T04:28:25.498Z INFO  - b4ee02498c51 Downloading 5MB / 16MB
2025-10-22T04:28:25.500Z INFO  - 70b2d1c62102 Downloading 7MB / 45MB
2025-10-22T04:28:25.509Z INFO  - 9078bcfaabdd Downloading 948B / 948B
2025-10-22T04:28:25.509Z INFO  - 8367cb93fd79 Downloading 1KB / 1KB
2025-10-22T04:28:25.529Z INFO  - f6668cf6fc4f Downloading 3KB / 3KB
2025-10-22T04:28:25.530Z INFO  - 432802c32c40 Downloading 139B / 139B
2025-10-22T04:28:25.530Z INFO  - 064a93d404d8 Verifying Checksum
2025-10-22T04:28:25.537Z INFO  - 064a93d404d8 Download complete
2025-10-22T04:28:25.545Z INFO  - 9078bcfaabdd Verifying Checksum
2025-10-22T04:28:25.546Z INFO  - 9078bcfaabdd Download complete
2025-10-22T04:28:25.546Z INFO  - 8367cb93fd79 Verifying Checksum
2025-10-22T04:28:25.546Z INFO  - 8367cb93fd79 Download complete
2025-10-22T04:28:25.554Z INFO  - f6668cf6fc4f Verifying Checksum
2025-10-22T04:28:25.554Z INFO  - f6668cf6fc4f Download complete
2025-10-22T04:28:25.555Z INFO  - 432802c32c40 Verifying Checksum
2025-10-22T04:28:25.555Z INFO  - 432802c32c40 Download complete
2025-10-22T04:28:25.565Z INFO  - b5ee41dce4d1 Downloading 526KB / 67MB
2025-10-22T04:28:25.678Z INFO  - 70b2d1c62102 Downloading 8MB / 45MB
2025-10-22T04:28:25.902Z INFO  - b49b2c83cf45 Downloading 7MB / 35MB
2025-10-22T04:28:25.908Z INFO  - b49b2c83cf45 Downloading 8MB / 35MB
2025-10-22T04:28:25.996Z INFO  - 72560126db61 Downloading 7MB / 11MB
2025-10-22T04:28:26.248Z INFO  - 81114daeece3 Downloading 8MB / 46MB
2025-10-22T04:28:26.251Z INFO  - b4ee02498c51 Downloading 9MB / 16MB
2025-10-22T04:28:26.258Z INFO  - 299358e274fc Downloading 1KB / 1KB
2025-10-22T04:28:26.258Z INFO  - a0f687a8a43e Downloading 1KB / 1KB
2025-10-22T04:28:26.258Z INFO  - e705a3b12771 Downloading 269B / 269B
2025-10-22T04:28:26.259Z INFO  - f9717d513d08 Downloading 13KB / 13KB
2025-10-22T04:28:26.259Z INFO  - 299358e274fc Verifying Checksum
2025-10-22T04:28:26.276Z INFO  - 299358e274fc Download complete
2025-10-22T04:28:26.276Z INFO  - a0f687a8a43e Verifying Checksum
2025-10-22T04:28:26.276Z INFO  - a0f687a8a43e Download complete
2025-10-22T04:28:26.276Z INFO  - e705a3b12771 Verifying Checksum
2025-10-22T04:28:26.276Z INFO  - e705a3b12771 Download complete
2025-10-22T04:28:26.276Z INFO  - f9717d513d08 Verifying Checksum
2025-10-22T04:28:26.276Z INFO  - f9717d513d08 Download complete
2025-10-22T04:28:26.374Z INFO  - b5ee41dce4d1 Downloading 3MB / 67MB
2025-10-22T04:28:26.375Z INFO  - c19952135643 Downloading 8MB / 46MB
2025-10-22T04:28:26.393Z INFO  - 81114daeece3 Downloading 9MB / 46MB
2025-10-22T04:28:26.394Z INFO  - b49b2c83cf45 Downloading 10MB / 35MB
2025-10-22T04:28:26.560Z INFO  - 72560126db61 Downloading 8MB / 11MB
2025-10-22T04:28:26.560Z INFO  - cdcdb6bbda74 Downloading 269B / 269B
2025-10-22T04:28:26.560Z INFO  - 81d0cf6a6204 Downloading 1KB / 1KB
2025-10-22T04:28:26.560Z INFO  - cab9518eb753 Downloading 151B / 151B
2025-10-22T04:28:26.560Z INFO  - cdcdb6bbda74 Verifying Checksum
2025-10-22T04:28:26.561Z INFO  - cdcdb6bbda74 Download complete
2025-10-22T04:28:26.561Z INFO  - 81d0cf6a6204 Verifying Checksum
2025-10-22T04:28:26.561Z INFO  - 81d0cf6a6204 Download complete
2025-10-22T04:28:26.561Z INFO  - cab9518eb753 Verifying Checksum
2025-10-22T04:28:26.561Z INFO  - cab9518eb753 Download complete
2025-10-22T04:28:26.589Z INFO  - b4ee02498c51 Downloading 10MB / 16MB
2025-10-22T04:28:26.589Z INFO  - 70b2d1c62102 Downloading 11MB / 45MB
2025-10-22T04:28:26.589Z INFO  - b5ee41dce4d1 Downloading 4MB / 67MB
2025-10-22T04:28:26.610Z INFO  - c19952135643 Downloading 9MB / 46MB
2025-10-22T04:28:26.705Z INFO  - b4ee02498c51 Downloading 10MB / 16MB
2025-10-22T04:28:26.714Z INFO  - 3c56665f14df Downloading 124B / 124B
2025-10-22T04:28:26.715Z INFO  - 3c56665f14df Verifying Checksum
2025-10-22T04:28:26.715Z INFO  - 3c56665f14df Download complete
2025-10-22T04:28:26.846Z INFO  - b49b2c83cf45 Downloading 12MB / 35MB
2025-10-22T04:28:26.846Z INFO  - 70b2d1c62102 Downloading 12MB / 45MB
2025-10-22T04:28:26.846Z INFO  - 72560126db61 Verifying Checksum
2025-10-22T04:28:26.846Z INFO  - 72560126db61 Download complete
2025-10-22T04:28:26.942Z INFO  - 81114daeece3 Downloading 11MB / 46MB
2025-10-22T04:28:27.246Z INFO  - b5ee41dce4d1 Downloading 7MB / 67MB
2025-10-22T04:28:27.246Z INFO  - c19952135643 Downloading 12MB / 46MB
2025-10-22T04:28:27.267Z INFO  - 6076b5261919 Downloading 416B / 416B
2025-10-22T04:28:27.273Z INFO  - cfb2442eec7a Downloading 1KB / 1KB
2025-10-22T04:28:27.284Z INFO  - 6076b5261919 Verifying Checksum
2025-10-22T04:28:27.284Z INFO  - 6076b5261919 Download complete
2025-10-22T04:28:27.284Z INFO  - cfb2442eec7a Verifying Checksum
2025-10-22T04:28:27.284Z INFO  - cfb2442eec7a Download complete
2025-10-22T04:28:27.388Z INFO  - b5ee41dce4d1 Downloading 8MB / 67MB
2025-10-22T04:28:27.388Z INFO  - c19952135643 Downloading 13MB / 46MB
2025-10-22T04:28:27.405Z INFO  - 81114daeece3 Downloading 13MB / 46MB
2025-10-22T04:28:27.407Z INFO  - 9e40ee8f5c7c Downloading 133B / 133B
2025-10-22T04:28:27.408Z INFO  - 9e40ee8f5c7c Verifying Checksum
2025-10-22T04:28:27.408Z INFO  - 9e40ee8f5c7c Download complete
2025-10-22T04:28:27.481Z INFO  - 81114daeece3 Downloading 14MB / 46MB
2025-10-22T04:28:27.516Z INFO  - b4ee02498c51 Downloading 13MB / 16MB
2025-10-22T04:28:27.516Z INFO  - 70b2d1c62102 Downloading 17MB / 45MB
2025-10-22T04:28:27.519Z INFO  - c7bf2b05e76c Downloading 1MB / 1MB
2025-10-22T04:28:27.595Z INFO  - 81114daeece3 Downloading 15MB / 46MB
2025-10-22T04:28:27.621Z INFO  - c7bf2b05e76c Downloading 1MB / 1MB
2025-10-22T04:28:27.640Z INFO  - c7bf2b05e76c Verifying Checksum
2025-10-22T04:28:27.640Z INFO  - c7bf2b05e76c Download complete
2025-10-22T04:28:27.660Z INFO  - b5ee41dce4d1 Downloading 10MB / 67MB
2025-10-22T04:28:27.708Z INFO  - b4ee02498c51 Downloading 14MB / 16MB
2025-10-22T04:28:27.720Z INFO  - c19952135643 Downloading 15MB / 46MB
2025-10-22T04:28:27.756Z INFO  - b49b2c83cf45 Downloading 17MB / 35MB
2025-10-22T04:28:27.815Z INFO  - b4ee02498c51 Downloading 15MB / 16MB
2025-10-22T04:28:27.842Z INFO  - 70b2d1c62102 Downloading 19MB / 45MB
2025-10-22T04:28:27.842Z INFO  - c19952135643 Downloading 16MB / 46MB
2025-10-22T04:28:27.842Z INFO  - b4ee02498c51 Verifying Checksum
2025-10-22T04:28:27.842Z INFO  - b4ee02498c51 Download complete
2025-10-22T04:28:27.913Z INFO  - 81114daeece3 Downloading 17MB / 46MB
2025-10-22T04:28:27.939Z INFO  - 70b2d1c62102 Downloading 20MB / 45MB
2025-10-22T04:28:28.102Z INFO  - 81114daeece3 Downloading 19MB / 46MB
2025-10-22T04:28:28.103Z INFO  - b49b2c83cf45 Downloading 19MB / 35MB
2025-10-22T04:28:28.123Z INFO  - 81114daeece3 Downloading 20MB / 46MB
2025-10-22T04:28:28.160Z INFO  - c19952135643 Downloading 19MB / 46MB
2025-10-22T04:28:28.218Z INFO  - b49b2c83cf45 Downloading 20MB / 35MB
2025-10-22T04:28:28.449Z INFO  - b5ee41dce4d1 Downloading 15MB / 67MB
2025-10-22T04:28:28.449Z INFO  - b49b2c83cf45 Downloading 21MB / 35MB
2025-10-22T04:28:28.529Z INFO  - c19952135643 Downloading 21MB / 46MB
2025-10-22T04:28:28.529Z INFO  - 81114daeece3 Downloading 24MB / 46MB
2025-10-22T04:28:28.630Z INFO  - 81114daeece3 Downloading 25MB / 46MB
2025-10-22T04:28:28.630Z INFO  - b5ee41dce4d1 Downloading 16MB / 67MB
2025-10-22T04:28:28.650Z INFO  - 70b2d1c62102 Downloading 27MB / 45MB
2025-10-22T04:28:28.743Z INFO  - c19952135643 Downloading 22MB / 46MB
2025-10-22T04:28:28.772Z INFO  - 70b2d1c62102 Downloading 28MB / 45MB
2025-10-22T04:28:28.773Z INFO  - b49b2c83cf45 Downloading 23MB / 35MB
2025-10-22T04:28:28.773Z INFO  - b5ee41dce4d1 Downloading 18MB / 67MB
2025-10-22T04:28:28.921Z INFO  - c19952135643 Downloading 23MB / 46MB
2025-10-22T04:28:28.921Z INFO  - c19952135643 Downloading 24MB / 46MB
2025-10-22T04:28:28.988Z INFO  - 70b2d1c62102 Downloading 29MB / 45MB
2025-10-22T04:28:29.071Z INFO  - b5ee41dce4d1 Downloading 19MB / 67MB
2025-10-22T04:28:29.165Z INFO  - 81114daeece3 Downloading 27MB / 46MB
2025-10-22T04:28:29.165Z INFO  - c19952135643 Downloading 25MB / 46MB
2025-10-22T04:28:29.324Z INFO  - 70b2d1c62102 Downloading 29MB / 45MB
2025-10-22T04:28:29.324Z INFO  - b5ee41dce4d1 Downloading 19MB / 67MB
2025-10-22T04:28:29.368Z INFO  - 81114daeece3 Downloading 28MB / 46MB
2025-10-22T04:28:29.368Z INFO  - b49b2c83cf45 Downloading 26MB / 35MB
2025-10-22T04:28:29.396Z INFO  - b5ee41dce4d1 Downloading 20MB / 67MB
2025-10-22T04:28:29.453Z INFO  - b49b2c83cf45 Downloading 27MB / 35MB
2025-10-22T04:28:29.604Z INFO  - c19952135643 Downloading 27MB / 46MB
2025-10-22T04:28:29.707Z INFO  - b5ee41dce4d1 Downloading 21MB / 67MB
2025-10-22T04:28:29.707Z INFO  - c19952135643 Downloading 28MB / 46MB
2025-10-22T04:28:29.707Z INFO  - 81114daeece3 Downloading 30MB / 46MB
2025-10-22T04:28:29.872Z INFO  - 70b2d1c62102 Downloading 32MB / 45MB
2025-10-22T04:28:29.872Z INFO  - b49b2c83cf45 Downloading 29MB / 35MB
2025-10-22T04:28:29.874Z INFO  - 70b2d1c62102 Downloading 33MB / 45MB
2025-10-22T04:28:29.993Z INFO  - b5ee41dce4d1 Downloading 22MB / 67MB
2025-10-22T04:28:29.996Z INFO  - c19952135643 Downloading 29MB / 46MB
2025-10-22T04:28:30.098Z INFO  - b49b2c83cf45 Downloading 31MB / 35MB
2025-10-22T04:28:30.100Z INFO  - 81114daeece3 Downloading 31MB / 46MB
2025-10-22T04:28:30.208Z INFO  - b5ee41dce4d1 Downloading 23MB / 67MB
2025-10-22T04:28:30.330Z INFO  - c19952135643 Downloading 31MB / 46MB
2025-10-22T04:28:30.330Z INFO  - 81114daeece3 Downloading 32MB / 46MB
2025-10-22T04:28:30.452Z INFO  - b49b2c83cf45 Downloading 32MB / 35MB
2025-10-22T04:28:30.536Z INFO  - b5ee41dce4d1 Downloading 24MB / 67MB
2025-10-22T04:28:30.536Z INFO  - 70b2d1c62102 Downloading 36MB / 45MB
2025-10-22T04:28:30.611Z INFO  - 81114daeece3 Downloading 33MB / 46MB
2025-10-22T04:28:30.687Z INFO  - 70b2d1c62102 Downloading 37MB / 45MB
2025-10-22T04:28:30.687Z INFO  - c19952135643 Downloading 32MB / 46MB
2025-10-22T04:28:30.784Z INFO  - b5ee41dce4d1 Downloading 26MB / 67MB
2025-10-22T04:28:30.791Z INFO  - b49b2c83cf45 Verifying Checksum
2025-10-22T04:28:30.791Z INFO  - b49b2c83cf45 Download complete
2025-10-22T04:28:30.936Z INFO  - c19952135643 Downloading 35MB / 46MB
2025-10-22T04:28:30.996Z INFO  - 70b2d1c62102 Downloading 40MB / 45MB
2025-10-22T04:28:31.063Z INFO  - b5ee41dce4d1 Downloading 29MB / 67MB
2025-10-22T04:28:31.101Z INFO  - c19952135643 Downloading 36MB / 46MB
2025-10-22T04:28:31.235Z INFO  - 70b2d1c62102 Downloading 41MB / 45MB
2025-10-22T04:28:31.235Z INFO  - c19952135643 Downloading 37MB / 46MB
2025-10-22T04:28:31.307Z INFO  - c19952135643 Downloading 37MB / 46MB
2025-10-22T04:28:31.432Z INFO  - 70b2d1c62102 Downloading 44MB / 45MB
2025-10-22T04:28:31.458Z INFO  - c19952135643 Downloading 38MB / 46MB
2025-10-22T04:28:31.498Z INFO  - 70b2d1c62102 Verifying Checksum
2025-10-22T04:28:31.499Z INFO  - 70b2d1c62102 Download complete
2025-10-22T04:28:31.537Z INFO  - b5ee41dce4d1 Downloading 34MB / 67MB
2025-10-22T04:28:31.622Z INFO  - 81114daeece3 Downloading 44MB / 46MB
2025-10-22T04:28:31.761Z INFO  - 81114daeece3 Downloading 45MB / 46MB
2025-10-22T04:28:31.791Z INFO  - 81114daeece3 Verifying Checksum
2025-10-22T04:28:31.793Z INFO  - 81114daeece3 Download complete
2025-10-22T04:28:31.988Z INFO  - c19952135643 Downloading 45MB / 46MB
2025-10-22T04:28:31.988Z INFO  - c19952135643 Verifying Checksum
2025-10-22T04:28:31.999Z INFO  - c19952135643 Download complete
2025-10-22T04:28:32.173Z INFO  - b5ee41dce4d1 Downloading 43MB / 67MB
2025-10-22T04:28:32.367Z INFO  - b5ee41dce4d1 Downloading 44MB / 67MB
2025-10-22T04:28:32.393Z INFO  - b5ee41dce4d1 Downloading 46MB / 67MB
2025-10-22T04:28:32.601Z INFO  - b5ee41dce4d1 Downloading 47MB / 67MB
2025-10-22T04:28:32.916Z INFO  - b5ee41dce4d1 Downloading 48MB / 67MB
2025-10-22T04:28:33.119Z INFO  - c19952135643 Extracting 960KB / 46MB
2025-10-22T04:28:33.833Z INFO  - b5ee41dce4d1 Downloading 53MB / 67MB
2025-10-22T04:28:34.135Z INFO  - c19952135643 Extracting 6MB / 46MB
2025-10-22T04:28:34.299Z INFO  - b5ee41dce4d1 Downloading 55MB / 67MB
2025-10-22T04:28:34.328Z INFO  - c19952135643 Extracting 7MB / 46MB
2025-10-22T04:28:34.444Z INFO  - b5ee41dce4d1 Downloading 57MB / 67MB
2025-10-22T04:28:34.608Z INFO  - b5ee41dce4d1 Downloading 59MB / 67MB
2025-10-22T04:28:34.947Z INFO  - b5ee41dce4d1 Downloading 60MB / 67MB
2025-10-22T04:28:34.967Z INFO  - c19952135643 Extracting 9MB / 46MB
2025-10-22T04:28:35.108Z INFO  - b5ee41dce4d1 Downloading 61MB / 67MB
2025-10-22T04:28:35.524Z INFO  - c19952135643 Extracting 11MB / 46MB
2025-10-22T04:28:36.371Z INFO  - b5ee41dce4d1 Downloading 65MB / 67MB
2025-10-22T04:28:36.436Z INFO  - c19952135643 Extracting 16MB / 46MB
2025-10-22T04:28:36.662Z INFO  - b5ee41dce4d1 Downloading 67MB / 67MB
2025-10-22T04:28:37.192Z INFO  - c19952135643 Extracting 19MB / 46MB
2025-10-22T04:28:37.288Z INFO  - b5ee41dce4d1 Verifying Checksum
2025-10-22T04:28:37.289Z INFO  - b5ee41dce4d1 Download complete
2025-10-22T04:28:37.289Z INFO  - c19952135643 Extracting 21MB / 46MB
2025-10-22T04:28:37.578Z INFO  - c19952135643 Extracting 22MB / 46MB
2025-10-22T04:28:39.354Z INFO  - c19952135643 Extracting 23MB / 46MB
2025-10-22T04:28:39.997Z INFO  - c19952135643 Extracting 24MB / 46MB
2025-10-22T04:28:42.088Z INFO  - c19952135643 Extracting 29MB / 46MB
2025-10-22T04:28:42.267Z INFO  - c19952135643 Extracting 30MB / 46MB
2025-10-22T04:28:43.178Z INFO  - c19952135643 Extracting 31MB / 46MB
2025-10-22T04:28:43.689Z INFO  - c19952135643 Extracting 32MB / 46MB
2025-10-22T04:28:44.025Z INFO  - c19952135643 Extracting 33MB / 46MB
2025-10-22T04:28:45.261Z INFO  - c19952135643 Extracting 35MB / 46MB
2025-10-22T04:28:45.418Z INFO  - c19952135643 Extracting 36MB / 46MB
2025-10-22T04:28:45.774Z INFO  - c19952135643 Extracting 37MB / 46MB
2025-10-22T04:28:46.162Z INFO  - c19952135643 Extracting 37MB / 46MB
2025-10-22T04:28:46.405Z INFO  - c19952135643 Extracting 38MB / 46MB
2025-10-22T04:28:46.803Z INFO  - c19952135643 Extracting 40MB / 46MB
2025-10-22T04:28:46.960Z INFO  - c19952135643 Extracting 41MB / 46MB
2025-10-22T04:28:47.253Z INFO  - c19952135643 Extracting 42MB / 46MB
2025-10-22T04:28:47.580Z INFO  - c19952135643 Extracting 43MB / 46MB
2025-10-22T04:28:47.803Z INFO  - c19952135643 Extracting 44MB / 46MB
2025-10-22T04:28:49.161Z INFO  - c19952135643 Extracting 45MB / 46MB
2025-10-22T04:28:49.666Z INFO  - c19952135643 Extracting 46MB / 46MB
2025-10-22T04:28:50.172Z INFO  - c19952135643 Pull complete
2025-10-22T04:28:50.593Z INFO  - b49b2c83cf45 Extracting 2MB / 35MB
2025-10-22T04:28:50.703Z INFO  - b49b2c83cf45 Extracting 3MB / 35MB
2025-10-22T04:28:50.845Z INFO  - b49b2c83cf45 Extracting 3MB / 35MB
2025-10-22T04:28:50.990Z INFO  - b49b2c83cf45 Extracting 4MB / 35MB
2025-10-22T04:28:51.482Z INFO  - b49b2c83cf45 Extracting 6MB / 35MB
2025-10-22T04:28:51.668Z INFO  - b49b2c83cf45 Extracting 9MB / 35MB
2025-10-22T04:28:52.150Z INFO  - b49b2c83cf45 Extracting 12MB / 35MB
2025-10-22T04:28:52.406Z INFO  - b49b2c83cf45 Extracting 15MB / 35MB
2025-10-22T04:28:52.580Z INFO  - b49b2c83cf45 Extracting 17MB / 35MB
2025-10-22T04:28:52.580Z INFO  - b49b2c83cf45 Extracting 18MB / 35MB
2025-10-22T04:28:53.124Z INFO  - b49b2c83cf45 Extracting 19MB / 35MB
2025-10-22T04:28:53.557Z INFO  - b49b2c83cf45 Extracting 20MB / 35MB
2025-10-22T04:28:53.817Z INFO  - b49b2c83cf45 Extracting 25MB / 35MB
2025-10-22T04:28:54.515Z INFO  - b49b2c83cf45 Extracting 28MB / 35MB
2025-10-22T04:28:54.961Z INFO  - b49b2c83cf45 Extracting 31MB / 35MB
2025-10-22T04:28:55.187Z INFO  - b49b2c83cf45 Extracting 32MB / 35MB
2025-10-22T04:28:55.571Z INFO  - b49b2c83cf45 Extracting 35MB / 35MB
2025-10-22T04:28:55.728Z INFO  - b49b2c83cf45 Pull complete
2025-10-22T04:28:55.918Z INFO  - a7350ec49683 Extracting 832KB / 3MB
2025-10-22T04:28:56.324Z INFO  - a7350ec49683 Extracting 2MB / 3MB
2025-10-22T04:28:56.552Z INFO  - a7350ec49683 Extracting 3MB / 3MB
2025-10-22T04:28:56.746Z INFO  - a7350ec49683 Extracting 3MB / 3MB
2025-10-22T04:28:56.766Z INFO  - a7350ec49683 Pull complete
2025-10-22T04:28:56.774Z INFO  - ca64976d1f75 Extracting 387B / 387B
2025-10-22T04:28:56.781Z INFO  - ca64976d1f75 Extracting 387B / 387B
2025-10-22T04:28:56.797Z INFO  - ca64976d1f75 Pull complete
2025-10-22T04:28:56.802Z INFO  - 9c231cb2d468 Extracting 32KB / 1MB
2025-10-22T04:28:56.899Z INFO  - 9c231cb2d468 Extracting 1MB / 1MB
2025-10-22T04:28:56.919Z INFO  - 9c231cb2d468 Pull complete
2025-10-22T04:28:56.926Z INFO  - 6d5ed858bc79 Extracting 32KB / 39KB
2025-10-22T04:28:56.976Z INFO  - 6d5ed858bc79 Extracting 39KB / 39KB
2025-10-22T04:28:57.013Z INFO  - 6d5ed858bc79 Extracting 39KB / 39KB
2025-10-22T04:28:57.038Z INFO  - 6d5ed858bc79 Pull complete
2025-10-22T04:28:57.048Z INFO  - b147e1d819b6 Extracting 10KB / 10KB
2025-10-22T04:28:57.097Z INFO  - b147e1d819b6 Extracting 10KB / 10KB
2025-10-22T04:28:57.149Z INFO  - b147e1d819b6 Pull complete
2025-10-22T04:28:57.153Z INFO  - bddeee446dea Extracting 14KB / 14KB
2025-10-22T04:28:57.181Z INFO  - bddeee446dea Extracting 14KB / 14KB
2025-10-22T04:28:57.212Z INFO  - bddeee446dea Pull complete
2025-10-22T04:28:57.285Z INFO  - 3bba0ee51794 Extracting 281KB / 281KB
2025-10-22T04:28:57.297Z INFO  - 3bba0ee51794 Pull complete
2025-10-22T04:28:57.304Z INFO  - 5b5c68b4e022 Extracting 10KB / 10KB
2025-10-22T04:28:57.312Z INFO  - 5b5c68b4e022 Extracting 10KB / 10KB
2025-10-22T04:28:57.336Z INFO  - 5b5c68b4e022 Pull complete
2025-10-22T04:28:57.340Z INFO  - 589fad460b75 Extracting 32KB / 1MB
2025-10-22T04:28:57.389Z INFO  - 589fad460b75 Extracting 1MB / 1MB
2025-10-22T04:28:57.399Z INFO  - 589fad460b75 Pull complete
2025-10-22T04:28:57.408Z INFO  - a4ac82e1650a Extracting 32KB / 1MB
2025-10-22T04:28:57.596Z INFO  - a4ac82e1650a Extracting 640KB / 1MB
2025-10-22T04:28:57.606Z INFO  - a4ac82e1650a Extracting 1MB / 1MB
2025-10-22T04:28:57.635Z INFO  - a4ac82e1650a Pull complete
2025-10-22T04:28:57.641Z INFO  - 6e652537f0de Extracting 3KB / 3KB
2025-10-22T04:28:57.676Z INFO  - 6e652537f0de Extracting 3KB / 3KB
2025-10-22T04:28:57.723Z INFO  - 6e652537f0de Pull complete
2025-10-22T04:28:57.735Z INFO  - 4f4fb700ef54 Extracting 32B / 32B
2025-10-22T04:28:57.746Z INFO  - 4f4fb700ef54 Extracting 32B / 32B
2025-10-22T04:28:57.760Z INFO  - 4f4fb700ef54 Pull complete
2025-10-22T04:28:57.915Z INFO  - 70b2d1c62102 Extracting 3MB / 45MB
2025-10-22T04:28:58.029Z INFO  - 70b2d1c62102 Extracting 7MB / 45MB
2025-10-22T04:28:58.114Z INFO  - 70b2d1c62102 Extracting 10MB / 45MB
2025-10-22T04:28:58.218Z INFO  - 70b2d1c62102 Extracting 14MB / 45MB
2025-10-22T04:28:58.333Z INFO  - 70b2d1c62102 Extracting 17MB / 45MB
2025-10-22T04:28:58.446Z INFO  - 70b2d1c62102 Extracting 21MB / 45MB
2025-10-22T04:28:58.542Z INFO  - 70b2d1c62102 Extracting 23MB / 45MB
2025-10-22T04:28:58.665Z INFO  - 70b2d1c62102 Extracting 26MB / 45MB
2025-10-22T04:28:58.874Z INFO  - 70b2d1c62102 Extracting 30MB / 45MB
2025-10-22T04:28:58.985Z INFO  - 70b2d1c62102 Extracting 31MB / 45MB
2025-10-22T04:28:59.109Z INFO  - 70b2d1c62102 Extracting 34MB / 45MB
2025-10-22T04:28:59.555Z INFO  - 70b2d1c62102 Extracting 45MB / 45MB
2025-10-22T04:28:59.583Z INFO  - 70b2d1c62102 Pull complete
2025-10-22T04:28:59.945Z INFO  - 81114daeece3 Extracting 960KB / 46MB
2025-10-22T04:29:00.524Z INFO  - 81114daeece3 Extracting 2MB / 46MB
2025-10-22T04:29:01.268Z INFO  - 81114daeece3 Extracting 7MB / 46MB
2025-10-22T04:29:03.199Z INFO  - 81114daeece3 Extracting 20MB / 46MB
2025-10-22T04:29:03.878Z INFO  - 81114daeece3 Extracting 24MB / 46MB
2025-10-22T04:29:04.651Z INFO  - 81114daeece3 Extracting 31MB / 46MB
2025-10-22T04:29:04.781Z INFO  - 81114daeece3 Extracting 32MB / 46MB
2025-10-22T04:29:04.913Z INFO  - 81114daeece3 Extracting 33MB / 46MB
2025-10-22T04:29:05.070Z INFO  - 81114daeece3 Extracting 34MB / 46MB
2025-10-22T04:29:05.591Z INFO  - 81114daeece3 Extracting 35MB / 46MB
2025-10-22T04:29:06.532Z INFO  - 81114daeece3 Extracting 37MB / 46MB
2025-10-22T04:29:07.512Z INFO  - 81114daeece3 Extracting 39MB / 46MB
2025-10-22T04:29:08.412Z INFO  - 81114daeece3 Extracting 41MB / 46MB
2025-10-22T04:29:09.480Z INFO  - 81114daeece3 Extracting 43MB / 46MB
2025-10-22T04:29:09.749Z INFO  - 81114daeece3 Extracting 44MB / 46MB
2025-10-22T04:29:10.739Z INFO  - 81114daeece3 Extracting 45MB / 46MB
2025-10-22T04:29:11.800Z INFO  - 81114daeece3 Extracting 45MB / 46MB
2025-10-22T04:29:12.097Z INFO  - 81114daeece3 Extracting 46MB / 46MB
2025-10-22T04:29:12.323Z INFO  - 81114daeece3 Pull complete
2025-10-22T04:29:12.698Z INFO  - 72560126db61 Extracting 3MB / 11MB
2025-10-22T04:29:13.092Z INFO  - 72560126db61 Extracting 4MB / 11MB
2025-10-22T04:29:13.221Z INFO  - 72560126db61 Extracting 6MB / 11MB
2025-10-22T04:29:13.826Z INFO  - 72560126db61 Extracting 8MB / 11MB
2025-10-22T04:29:13.827Z INFO  - 72560126db61 Extracting 8MB / 11MB
2025-10-22T04:29:14.026Z INFO  - 72560126db61 Extracting 8MB / 11MB
2025-10-22T04:29:14.166Z INFO  - 72560126db61 Extracting 8MB / 11MB
2025-10-22T04:29:15.235Z INFO  - 72560126db61 Extracting 10MB / 11MB
2025-10-22T04:29:16.064Z INFO  - 72560126db61 Extracting 10MB / 11MB
2025-10-22T04:29:16.404Z INFO  - 72560126db61 Extracting 11MB / 11MB
2025-10-22T04:29:16.522Z INFO  - 72560126db61 Pull complete
2025-10-22T04:29:16.923Z INFO  - b4ee02498c51 Extracting 1MB / 16MB
2025-10-22T04:29:17.186Z INFO  - b4ee02498c51 Extracting 2MB / 16MB
2025-10-22T04:29:17.241Z INFO  - b4ee02498c51 Extracting 3MB / 16MB
2025-10-22T04:29:17.893Z INFO  - b4ee02498c51 Extracting 7MB / 16MB
2025-10-22T04:29:19.051Z INFO  - b4ee02498c51 Extracting 9MB / 16MB
2025-10-22T04:29:19.441Z INFO  - b4ee02498c51 Extracting 9MB / 16MB
2025-10-22T04:29:19.698Z INFO  - b4ee02498c51 Extracting 9MB / 16MB
2025-10-22T04:29:20.313Z INFO  - b4ee02498c51 Extracting 10MB / 16MB
2025-10-22T04:29:20.463Z INFO  - b4ee02498c51 Extracting 10MB / 16MB
2025-10-22T04:29:20.663Z INFO  - b4ee02498c51 Extracting 11MB / 16MB
2025-10-22T04:29:21.195Z INFO  - b4ee02498c51 Extracting 11MB / 16MB
2025-10-22T04:29:21.745Z INFO  - b4ee02498c51 Extracting 11MB / 16MB
2025-10-22T04:29:23.519Z INFO  - b4ee02498c51 Extracting 14MB / 16MB
2025-10-22T04:29:23.777Z INFO  - b4ee02498c51 Extracting 14MB / 16MB
2025-10-22T04:29:24.643Z INFO  - b4ee02498c51 Extracting 15MB / 16MB
2025-10-22T04:29:25.082Z INFO  - b4ee02498c51 Extracting 15MB / 16MB
2025-10-22T04:29:25.972Z INFO  - b4ee02498c51 Extracting 16MB / 16MB
2025-10-22T04:29:26.529Z INFO  - b4ee02498c51 Pull complete
2025-10-22T04:29:26.538Z INFO  - 9f7642f5d897 Extracting 126B / 126B
2025-10-22T04:29:26.557Z INFO  - 9f7642f5d897 Extracting 126B / 126B
2025-10-22T04:29:26.568Z INFO  - 9f7642f5d897 Pull complete
2025-10-22T04:29:26.889Z INFO  - 064a93d404d8 Extracting 1MB / 5MB
2025-10-22T04:29:27.002Z INFO  - 064a93d404d8 Extracting 5MB / 5MB
2025-10-22T04:29:27.012Z INFO  - 064a93d404d8 Pull complete
2025-10-22T04:29:27.014Z INFO  - 9078bcfaabdd Extracting 948B / 948B
2025-10-22T04:29:27.023Z INFO  - 9078bcfaabdd Extracting 948B / 948B
2025-10-22T04:29:27.041Z INFO  - 9078bcfaabdd Pull complete
2025-10-22T04:29:27.045Z INFO  - 8367cb93fd79 Extracting 1KB / 1KB
2025-10-22T04:29:27.070Z INFO  - 8367cb93fd79 Extracting 1KB / 1KB
2025-10-22T04:29:27.098Z INFO  - 8367cb93fd79 Pull complete
2025-10-22T04:29:27.118Z INFO  - 432802c32c40 Extracting 139B / 139B
2025-10-22T04:29:27.120Z INFO  - 432802c32c40 Extracting 139B / 139B
2025-10-22T04:29:27.166Z INFO  - 432802c32c40 Pull complete
2025-10-22T04:29:27.660Z INFO  - b5ee41dce4d1 Extracting 1MB / 67MB
2025-10-22T04:29:28.100Z INFO  - b5ee41dce4d1 Extracting 3MB / 67MB
2025-10-22T04:29:28.594Z INFO  - b5ee41dce4d1 Extracting 8MB / 67MB
2025-10-22T04:29:29.292Z INFO  - b5ee41dce4d1 Extracting 10MB / 67MB
2025-10-22T04:29:29.561Z INFO  - b5ee41dce4d1 Extracting 11MB / 67MB
2025-10-22T04:29:29.660Z INFO  - b5ee41dce4d1 Extracting 12MB / 67MB
2025-10-22T04:29:30.023Z INFO  - b5ee41dce4d1 Extracting 12MB / 67MB
2025-10-22T04:29:30.344Z INFO  - b5ee41dce4d1 Extracting 13MB / 67MB
2025-10-22T04:29:30.511Z INFO  - b5ee41dce4d1 Extracting 14MB / 67MB
2025-10-22T04:29:31.748Z INFO  - b5ee41dce4d1 Extracting 19MB / 67MB
2025-10-22T04:29:32.011Z INFO  - b5ee41dce4d1 Extracting 21MB / 67MB
2025-10-22T04:29:32.395Z INFO  - b5ee41dce4d1 Extracting 26MB / 67MB
2025-10-22T04:29:33.184Z INFO  - b5ee41dce4d1 Extracting 31MB / 67MB
2025-10-22T04:29:33.800Z INFO  - b5ee41dce4d1 Extracting 35MB / 67MB
2025-10-22T04:29:34.842Z INFO  - b5ee41dce4d1 Extracting 40MB / 67MB
2025-10-22T04:29:35.472Z INFO  - b5ee41dce4d1 Extracting 41MB / 67MB
2025-10-22T04:29:35.473Z INFO  - b5ee41dce4d1 Extracting 42MB / 67MB
2025-10-22T04:29:36.165Z INFO  - b5ee41dce4d1 Extracting 44MB / 67MB
2025-10-22T04:29:37.042Z INFO  - b5ee41dce4d1 Extracting 47MB / 67MB
2025-10-22T04:29:37.456Z INFO  - b5ee41dce4d1 Extracting 50MB / 67MB
2025-10-22T04:29:37.946Z INFO  - b5ee41dce4d1 Extracting 51MB / 67MB
2025-10-22T04:29:38.892Z INFO  - b5ee41dce4d1 Extracting 56MB / 67MB
2025-10-22T04:29:39.165Z INFO  - b5ee41dce4d1 Extracting 60MB / 67MB
2025-10-22T04:29:39.451Z INFO  - b5ee41dce4d1 Extracting 62MB / 67MB
2025-10-22T04:29:40.254Z INFO  - b5ee41dce4d1 Extracting 67MB / 67MB
2025-10-22T04:29:40.457Z INFO  - b5ee41dce4d1 Pull complete
2025-10-22T04:29:40.463Z INFO  - 299358e274fc Extracting 1KB / 1KB
2025-10-22T04:29:40.471Z INFO  - 299358e274fc Extracting 1KB / 1KB
2025-10-22T04:29:40.481Z INFO  - 299358e274fc Pull complete
2025-10-22T04:29:40.484Z INFO  - a0f687a8a43e Extracting 1KB / 1KB
2025-10-22T04:29:40.493Z INFO  - a0f687a8a43e Extracting 1KB / 1KB
2025-10-22T04:29:40.554Z INFO  - a0f687a8a43e Pull complete
2025-10-22T04:29:40.566Z INFO  - f6668cf6fc4f Extracting 3KB / 3KB
2025-10-22T04:29:40.581Z INFO  - f6668cf6fc4f Extracting 3KB / 3KB
2025-10-22T04:29:40.605Z INFO  - f6668cf6fc4f Pull complete
2025-10-22T04:29:40.610Z INFO  - cab9518eb753 Extracting 151B / 151B
2025-10-22T04:29:40.616Z INFO  - cab9518eb753 Extracting 151B / 151B
2025-10-22T04:29:40.653Z INFO  - cab9518eb753 Pull complete
2025-10-22T04:29:40.659Z INFO  - f9717d513d08 Extracting 13KB / 13KB
2025-10-22T04:29:40.672Z INFO  - f9717d513d08 Extracting 13KB / 13KB
2025-10-22T04:29:40.697Z INFO  - f9717d513d08 Pull complete
2025-10-22T04:29:40.700Z INFO  - 81d0cf6a6204 Extracting 1KB / 1KB
2025-10-22T04:29:40.711Z INFO  - 81d0cf6a6204 Extracting 1KB / 1KB
2025-10-22T04:29:40.722Z INFO  - 81d0cf6a6204 Pull complete
2025-10-22T04:29:40.728Z INFO  - e705a3b12771 Extracting 269B / 269B
2025-10-22T04:29:40.740Z INFO  - e705a3b12771 Extracting 269B / 269B
2025-10-22T04:29:40.766Z INFO  - e705a3b12771 Pull complete
2025-10-22T04:29:40.771Z INFO  - cdcdb6bbda74 Extracting 269B / 269B
2025-10-22T04:29:40.786Z INFO  - cdcdb6bbda74 Extracting 269B / 269B
2025-10-22T04:29:40.815Z INFO  - cdcdb6bbda74 Pull complete
2025-10-22T04:29:40.999Z INFO  - 3c56665f14df Extracting 124B / 124B
2025-10-22T04:29:41.003Z INFO  - 3c56665f14df Extracting 124B / 124B
2025-10-22T04:29:41.021Z INFO  - 3c56665f14df Pull complete
2025-10-22T04:29:41.028Z INFO  - 6076b5261919 Extracting 416B / 416B
2025-10-22T04:29:41.033Z INFO  - 6076b5261919 Extracting 416B / 416B
2025-10-22T04:29:41.074Z INFO  - 6076b5261919 Pull complete
2025-10-22T04:29:41.084Z INFO  - cfb2442eec7a Extracting 1KB / 1KB
2025-10-22T04:29:41.092Z INFO  - cfb2442eec7a Extracting 1KB / 1KB
2025-10-22T04:29:41.122Z INFO  - cfb2442eec7a Pull complete
2025-10-22T04:29:41.350Z INFO  - c7bf2b05e76c Extracting 160KB / 1MB
2025-10-22T04:29:41.488Z INFO  - c7bf2b05e76c Extracting 288KB / 1MB
2025-10-22T04:29:41.831Z INFO  - c7bf2b05e76c Extracting 608KB / 1MB
2025-10-22T04:29:42.370Z INFO  - c7bf2b05e76c Extracting 1MB / 1MB
2025-10-22T04:29:42.495Z INFO  - c7bf2b05e76c Pull complete
2025-10-22T04:29:42.501Z INFO  - 9e40ee8f5c7c Extracting 133B / 133B
2025-10-22T04:29:42.511Z INFO  - 9e40ee8f5c7c Extracting 133B / 133B
2025-10-22T04:29:42.528Z INFO  - 9e40ee8f5c7c Pull complete
2025-10-22T04:29:42.609Z INFO  -  Digest: sha256:090c03b4259823f8be151de295b9ef30aeea81cc540a9908f9a57cbe5e893095
2025-10-22T04:29:42.613Z INFO  -  Status: Downloaded newer image for mcr.microsoft.com/appsvc/node:20-lts_20250724.2.tuxprod
2025-10-22T04:29:42.671Z INFO  - Pull Image successful, Time taken: 80 Seconds
2025-10-22T04:29:44.847Z INFO  - Starting container for site
2025-10-22T04:29:44.847Z INFO  - docker run -d --expose=8080 --name ecommerce-backend-1761025938_0_2b8d67d2 -e WEBSITE_USE_DIAGNOSTIC_SERVER=true -e WEBSITE_SITE_NAME=ecommerce-backend-1761025938 -e WEBSITE_AUTH_ENABLED=False -e WEBSITE_ROLE_INSTANCE_ID=0 -e WEBSITE_HOSTNAME=ecommerce-backend-1761025938.azurewebsites.net -e WEBSITE_INSTANCE_ID=b52a0e95239a69ec1d51e27f609b0a5686f7c63777a6973635d661be711de39f appsvc/node:20-lts_20250724.2.tuxprod REDACTED
2025-10-22T04:29:44.847Z INFO  - Logging is not enabled for this container.
Please use https://aka.ms/linux-diagnostics to enable logging to see container logs here.
2025-10-22T04:29:54.922Z INFO  - Initiating warmup request to container ecommerce-backend-1761025938_0_2b8d67d2 for site ecommerce-backend-1761025938
2025-10-22T04:30:15.898Z INFO  - Waiting for response to warmup request for container ecommerce-backend-1761025938_0_2b8d67d2. Elapsed time = 20.9949297 sec
2025-10-22T04:30:27.988Z ERROR - Container ecommerce-backend-1761025938_0_2b8d67d2 for site ecommerce-backend-1761025938 has exited, failing site start
2025-10-22T04:30:28.023Z ERROR - Container ecommerce-backend-1761025938_0_2b8d67d2 didn't respond to HTTP pings on port: 8080. Failing site start. See container logs for debugging.
2025-10-22T04:30:28.222Z INFO  - Stopping site ecommerce-backend-1761025938 because it failed during startup.
2025-10-22T04:30:41.750Z INFO  - Starting container for site
2025-10-22T04:30:41.756Z INFO  - docker run -d --expose=8080 --name ecommerce-backend-1761025938_0_28e12890 -e WEBSITE_USE_DIAGNOSTIC_SERVER=true -e WEBSITE_SITE_NAME=ecommerce-backend-1761025938 -e WEBSITE_AUTH_ENABLED=False -e WEBSITE_ROLE_INSTANCE_ID=0 -e WEBSITE_HOSTNAME=ecommerce-backend-1761025938.azurewebsites.net -e WEBSITE_INSTANCE_ID=b52a0e95239a69ec1d51e27f609b0a5686f7c63777a6973635d661be711de39f appsvc/node:20-lts_20250724.2.tuxprod REDACTED
2025-10-22T04:30:41.757Z INFO  - Logging is not enabled for this container.
Please use https://aka.ms/linux-diagnostics to enable logging to see container logs here.
2025-10-22T04:30:46.647Z INFO  - Initiating warmup request to container ecommerce-backend-1761025938_0_28e12890 for site ecommerce-backend-1761025938
2025-10-22T04:31:09.201Z INFO  - Waiting for response to warmup request for container ecommerce-backend-1761025938_0_28e12890. Elapsed time = 22.5539385 sec
2025-10-22T04:31:15.500Z ERROR - Container ecommerce-backend-1761025938_0_28e12890 for site ecommerce-backend-1761025938 has exited, failing site start
2025-10-22T04:31:15.530Z ERROR - Container ecommerce-backend-1761025938_0_28e12890 didn't respond to HTTP pings on port: 8080. Failing site start. See container logs for debugging.
2025-10-22T04:31:15.623Z INFO  - Stopping site ecommerce-backend-1761025938 because it failed during startup.
2025-10-22T04:31:26.720Z INFO  - Starting container for site
2025-10-22T04:31:26.721Z INFO  - docker run -d --expose=8080 --name ecommerce-backend-1761025938_0_17c0f8e0 -e WEBSITE_USE_DIAGNOSTIC_SERVER=true -e WEBSITE_SITE_NAME=ecommerce-backend-1761025938 -e WEBSITE_AUTH_ENABLED=False -e WEBSITE_ROLE_INSTANCE_ID=0 -e WEBSITE_HOSTNAME=ecommerce-backend-1761025938.azurewebsites.net -e WEBSITE_INSTANCE_ID=b52a0e95239a69ec1d51e27f609b0a5686f7c63777a6973635d661be711de39f appsvc/node:20-lts_20250724.2.tuxprod REDACTED
2025-10-22T04:31:26.723Z INFO  - Logging is not enabled for this container.
Please use https://aka.ms/linux-diagnostics to enable logging to see container logs here.
2025-10-22T04:31:30.591Z INFO  - Initiating warmup request to container ecommerce-backend-1761025938_0_17c0f8e0 for site ecommerce-backend-1761025938
2025-10-22T04:31:50.333Z INFO  - Waiting for response to warmup request for container ecommerce-backend-1761025938_0_17c0f8e0. Elapsed time = 19.741869 sec
2025-10-22T04:32:00.268Z ERROR - Container ecommerce-backend-1761025938_0_17c0f8e0 for site ecommerce-backend-1761025938 has exited, failing site start
2025-10-22T04:32:00.315Z ERROR - Container ecommerce-backend-1761025938_0_17c0f8e0 didn't respond to HTTP pings on port: 8080. Failing site start. See container logs for debugging.
2025-10-22T04:32:00.338Z INFO  - Stopping site ecommerce-backend-1761025938 because it failed during startup.
2025-10-22T04:32:13.069Z INFO  - Starting container for site
2025-10-22T04:32:13.071Z INFO  - docker run -d --expose=8080 --name ecommerce-backend-1761025938_0_f0e58f03 -e WEBSITE_USE_DIAGNOSTIC_SERVER=true -e WEBSITE_SITE_NAME=ecommerce-backend-1761025938 -e WEBSITE_AUTH_ENABLED=False -e WEBSITE_ROLE_INSTANCE_ID=0 -e WEBSITE_HOSTNAME=ecommerce-backend-1761025938.azurewebsites.net -e WEBSITE_INSTANCE_ID=b52a0e95239a69ec1d51e27f609b0a5686f7c63777a6973635d661be711de39f appsvc/node:20-lts_20250724.2.tuxprod REDACTED
2025-10-22T04:32:13.072Z INFO  - Logging is not enabled for this container.
Please use https://aka.ms/linux-diagnostics to enable logging to see container logs here.
2025-10-22T04:32:18.881Z INFO  - Initiating warmup request to container ecommerce-backend-1761025938_0_f0e58f03 for site ecommerce-backend-1761025938
2025-10-22T04:32:40.750Z INFO  - Waiting for response to warmup request for container ecommerce-backend-1761025938_0_f0e58f03. Elapsed time = 21.8691404 sec
2025-10-22T04:32:52.579Z ERROR - Container ecommerce-backend-1761025938_0_f0e58f03 for site ecommerce-backend-1761025938 has exited, failing site start
2025-10-22T04:32:52.632Z ERROR - Container ecommerce-backend-1761025938_0_f0e58f03 didn't respond to HTTP pings on port: 8080. Failing site start. See container logs for debugging.
2025-10-22T04:32:52.663Z INFO  - Stopping site ecommerce-backend-1761025938 because it failed during startup.
2025-10-22T04:35:24.8338049Z Container start method called.
2025-10-22T04:35:24.8341934Z Establishing network.
2025-10-22T04:35:24.8350835Z Pulling image: appsvc/node:20-lts_20250724.2.tuxprod.
2025-10-22T04:35:28.2431581Z Container is starting.
2025-10-22T04:35:28.2447107Z Establishing user namespace if not established already.
2025-10-22T04:35:28.2459744Z Establishing network if not established already.
2025-10-22T04:35:28.2461577Z Mounting volumes.
2025-10-22T04:35:28.2533626Z Nested mountpoint data
2025-10-22T04:35:28.2996760Z Nested mountpoint volatile/logs
2025-10-22T04:35:28.3200741Z Nested mountpoint 
2025-10-22T04:35:28.3225092Z Nested mountpoint 
2025-10-22T04:35:28.3853804Z Nested mountpoint 
2025-10-22T04:35:28.3955215Z Nested mountpoint 
2025-10-22T04:35:29.5228520Z Creating container.
2025-10-22T04:35:29.5414035Z Creating pipes for streaming container io.
2025-10-22T04:35:29.5428618Z Creating stdout named pipe at /podr/container/pipe/3d08a40f24e0_ecommerce-backend-1761025938/stdout_37db010df4454d7598a4eaae3c9a80bf.
2025-10-22T04:35:29.5629385Z Successfully created stdout named pipe at: /podr/container/pipe/3d08a40f24e0_ecommerce-backend-1761025938/stdout_37db010df4454d7598a4eaae3c9a80bf.
2025-10-22T04:35:29.5637450Z Opening named pipe /podr/container/pipe/3d08a40f24e0_ecommerce-backend-1761025938/stdout_37db010df4454d7598a4eaae3c9a80bf for reading in non-blocking mode.
2025-10-22T04:35:29.5802275Z Successfully opened named pipe: /podr/container/pipe/3d08a40f24e0_ecommerce-backend-1761025938/stdout_37db010df4454d7598a4eaae3c9a80bf.
2025-10-22T04:35:29.5809002Z Successfully removed non-blocking flag from /podr/container/pipe/3d08a40f24e0_ecommerce-backend-1761025938/stdout_37db010df4454d7598a4eaae3c9a80bf.
2025-10-22T04:35:29.5816127Z Creating stderr named pipe at /podr/container/pipe/3d08a40f24e0_ecommerce-backend-1761025938/stderr_01f390a45ae244bcb4a6fac7a1d92079.
2025-10-22T04:35:29.5993975Z Successfully created stderr named pipe at: /podr/container/pipe/3d08a40f24e0_ecommerce-backend-1761025938/stderr_01f390a45ae244bcb4a6fac7a1d92079.
2025-10-22T04:35:29.5997759Z Opening named pipe /podr/container/pipe/3d08a40f24e0_ecommerce-backend-1761025938/stderr_01f390a45ae244bcb4a6fac7a1d92079 for reading in non-blocking mode.
2025-10-22T04:35:29.5999187Z Successfully opened named pipe: /podr/container/pipe/3d08a40f24e0_ecommerce-backend-1761025938/stderr_01f390a45ae244bcb4a6fac7a1d92079.
2025-10-22T04:35:29.6000289Z Successfully removed non-blocking flag from /podr/container/pipe/3d08a40f24e0_ecommerce-backend-1761025938/stderr_01f390a45ae244bcb4a6fac7a1d92079.
2025-10-22T04:35:29.6001500Z Creating container with image: appsvc/node:20-lts_20250724.2.tuxprod from registry: mcr.microsoft.com and fully qualified image name: mcr.microsoft.com/appsvc/node:20-lts_20250724.2.tuxprod
2025-10-22T04:35:30.1325831Z Starting container: 3d08a40f24e0_ecommerce-backend-1761025938.
2025-10-22T04:35:30.2088387Z Starting watchers and probes.
2025-10-22T04:35:30.2091565Z Starting metrics collection.
2025-10-22T04:35:30.2093139Z Container is running.
2025-10-22T04:35:30.3635064Z Container start method finished after 5499 ms.
2025-10-22T04:35:52.6541065Z Container has finished running with exit code: 1.
2025-10-22T04:35:52.6543646Z Container is terminating. Grace period: 5 seconds.
2025-10-22T04:35:52.6547212Z Stop and delete container. Retry count = 0
2025-10-22T04:35:52.6548472Z Stopping container: 3d08a40f24e0_ecommerce-backend-1761025938.
2025-10-22T04:35:52.8093653Z Deleting container: 3d08a40f24e0_ecommerce-backend-1761025938. Retry count = 0
2025-10-22T04:35:53.1746886Z Container spec TerminationMessagePolicy  path 
2025-10-22T04:35:53.1768611Z Container is terminated. Total time elapsed: 520 ms.
2025-10-22T04:35:53.1851033Z Site container: ecommerce-backend-1761025938 terminated during site startup.
2025-10-22T04:35:53.1925994Z Site startup probe failed after 22.8195763 seconds.
2025-10-22T04:35:53.2260384Z Failed to start site. Revert by stopping site.
2025-10-22T04:35:53.2523804Z Site: ecommerce-backend-1761025938 stopped.
2025-10-22T04:35:57.153Z INFO  - Starting container for site
2025-10-22T04:35:57.155Z INFO  - docker run -d --expose=8080 --name ecommerce-backend-1761025938_0_9396d9df -e WEBSITE_USE_DIAGNOSTIC_SERVER=true -e WEBSITE_SITE_NAME=ecommerce-backend-1761025938 -e WEBSITE_AUTH_ENABLED=False -e WEBSITE_ROLE_INSTANCE_ID=0 -e WEBSITE_HOSTNAME=ecommerce-backend-1761025938.azurewebsites.net -e WEBSITE_INSTANCE_ID=b52a0e95239a69ec1d51e27f609b0a5686f7c63777a6973635d661be711de39f appsvc/node:20-lts_20250724.2.tuxprod REDACTED
2025-10-22T04:35:57.156Z INFO  - Logging is not enabled for this container.
Please use https://aka.ms/linux-diagnostics to enable logging to see container logs here.
2025-10-22T04:36:00.130Z INFO  - Initiating warmup request to container ecommerce-backend-1761025938_0_9396d9df for site ecommerce-backend-1761025938
2025-10-22T04:36:19.322Z INFO  - Waiting for response to warmup request for container ecommerce-backend-1761025938_0_9396d9df. Elapsed time = 19.1924581 sec
2025-10-22T04:36:25.750Z ERROR - Container ecommerce-backend-1761025938_0_9396d9df for site ecommerce-backend-1761025938 has exited, failing site start
2025-10-22T04:36:25.770Z ERROR - Container ecommerce-backend-1761025938_0_9396d9df didn't respond to HTTP pings on port: 8080. Failing site start. See container logs for debugging.
2025-10-22T04:36:25.828Z INFO  - Stopping site ecommerce-backend-1761025938 because it failed during startup.
